<?xml version="1.0" encoding="UTF-8"?>
<!-- Generated by org.testng.reporters.JUnitReportReporter -->
<testsuite hostname="Hanuman" failures="0" tests="1" name="TestNG.Insta_TestScript" time="33.325" errors="0" timestamp="2023-04-04T09:38:41 IST" skipped="0">
  <testcase classname="TestNG.Insta_TestScript" name="script" time="33.325"/>
  <system-out/>
</testsuite> <!-- TestNG.Insta_TestScript -->
