<?xml version="1.0" encoding="UTF-8"?>
<!-- Generated by org.testng.reporters.JUnitReportReporter -->
<testsuite hostname="Hanuman" failures="0" tests="1" name="TestNG.Facebook_Testscript" time="16.221" errors="0" timestamp="2023-04-04T10:07:15 IST" skipped="0">
  <testcase classname="TestNG.Facebook_Testscript" name="Facebook" time="16.221"/>
  <system-out/>
</testsuite> <!-- TestNG.Facebook_Testscript -->
