<?xml version="1.0" encoding="UTF-8"?>
<!-- Generated by org.testng.reporters.JUnitReportReporter -->
<testsuite hostname="Hanuman" failures="0" tests="1" name="com.demoWebShop.automation.testScript.testScript_Class" time="12.977" errors="0" timestamp="2023-04-03T22:31:07 IST" skipped="0">
  <testcase classname="com.demoWebShop.automation.testScript.testScript_Class" name="Register" time="12.977"/>
  <system-out/>
</testsuite> <!-- com.demoWebShop.automation.testScript.testScript_Class -->
